[00:09:48] [Server thread/INFO]: Server Plugins (17):
[00:09:48] [Server thread/INFO]: Paper Plugins:
[00:09:48] [Server thread/INFO]:  - EconomyShopGUI
[00:09:48] [Server thread/INFO]: Bukkit Plugins:
[00:09:48] [Server thread/INFO]:  - CoreProtect, DeadChest, Disease, Essentials, GodItems, JustTPA, LoginSecurity, *LunaChat, PlugManX, QualityArmory
[00:09:48] [Server thread/INFO]:  *ScoreboardStats, SilkSpawners, Vault, ViaBackwards, ViaRewind, ViaVersion
[00:11:56] [Server thread/INFO]: Server Plugins (17):
[00:11:56] [Server thread/INFO]: Paper Plugins:
[00:11:56] [Server thread/INFO]:  - EconomyShopGUI
[00:11:56] [Server thread/INFO]: Bukkit Plugins:
[00:11:56] [Server thread/INFO]:  - CoreProtect, DeadChest, Disease, Essentials, GodItems, JustTPA, LoginSecurity, *LunaChat, PlugManX, QualityArmory
[00:11:56] [Server thread/INFO]:  *ScoreboardStats, SilkSpawners, Vault, ViaBackwards, ViaRewind, ViaVersion
[00:14:45] [Server thread/INFO]: Unknown or incomplete command, see below for error
plp<--[HERE]
[00:14:46] [Server thread/INFO]: Server Plugins (17):
[00:14:46] [Server thread/INFO]: Paper Plugins:
[00:14:46] [Server thread/INFO]:  - EconomyShopGUI
[00:14:46] [Server thread/INFO]: Bukkit Plugins:
[00:14:46] [Server thread/INFO]:  - CoreProtect, DeadChest, Disease, Essentials, GodItems, JustTPA, LoginSecurity, *LunaChat, PlugManX, QualityArmory
[00:14:46] [Server thread/INFO]:  *ScoreboardStats, SilkSpawners, Vault, ViaBackwards, ViaRewind, ViaVersion
