[2024-09-16 21:48:49] New deadchest for [kkk2z1] in world at X:18 Y:69 Z:-97
[2024-09-16 21:48:49] Chest content : [ItemStack{COAL x 22}]
[2024-09-16 21:50:38] Deadchest of [kkk2z1] was taken by [kkk2z1] in world
[2024-09-17 21:00:31] New deadchest for [kkk2z1] in world at X:29999983 Y:65 Z:-29999984
[2024-09-17 21:00:31] Chest content : [ItemStack{STONE x 1}, ItemStack{COAL x 22}]
[2024-09-17 21:00:59] Deadchest of [kkk2z1] was taken by [kkk2z1] in world
[2024-09-17 21:32:43] Player [ISIDA_MASAKI] died without inventory : No Deadchest generated
[2024-09-17 21:34:26] Player [ISIDA_MASAKI] died without inventory : No Deadchest generated
[2024-09-17 21:35:31] Player [ISIDA_MASAKI] died without inventory : No Deadchest generated
[2024-09-17 22:02:39] Player [Ganter] died without inventory : No Deadchest generated
[2024-09-17 22:06:06] Player [Ganter] died without inventory : No Deadchest generated
[2024-09-17 23:50:41] Player [Ganter] died without inventory : No Deadchest generated
[2024-09-18 03:32:05] Player [Ganter] died without inventory : No Deadchest generated
[2024-09-18 05:16:58] New deadchest for [Ganter] in world at X:67 Y:85 Z:81
[2024-09-18 05:16:58] Chest content : [ItemStack{TNT x 1}, ItemStack{REDSTONE_BLOCK x 64}, ItemStack{DIRT x 64}, ItemStack{COBBLESTONE x 16}]
[2024-09-18 05:19:28] Player [Ganter] died without inventory : No Deadchest generated
[2024-09-18 05:21:59] Deadchest of [Ganter] has expired in world
[2024-09-18 21:24:58] New deadchest for [Ganter] in world at X:54 Y:87 Z:296
[2024-09-18 21:24:58] Chest content : [ItemStack{ROTTEN_FLESH x 60}, ItemStack{DIAMOND_AXE x 1, UNSPECIFIC_META:{meta-type=UNSPECIFIC, Damage=93, custom=H4sIAAAAAAAA/+NiYGBmYHNJzE1MT2VgYIhlAACxonuYEQAAAA==}}, ItemStack{MUTTON x 15}, ItemStack{BIRCH_SAPLING x 8}, ItemStack{SNOWBALL x 64}, ItemStack{SNOWBALL x 64}, ItemStack{SNOWBALL x 64}, ItemStack{SNOWBALL x 64}, ItemStack{SNOWBALL x 64}, ItemStack{SNOWBALL x 64}, ItemStack{SNOWBALL x 64}, ItemStack{SNOWBALL x 64}, ItemStack{SNOWBALL x 64}, ItemStack{SNOWBALL x 64}, ItemStack{SNOWBALL x 64}, ItemStack{SNOWBALL x 64}, ItemStack{SNOWBALL x 64}, ItemStack{SNOWBALL x 64}, ItemStack{SNOWBALL x 64}, ItemStack{SNOWBALL x 64}, ItemStack{SNOWBALL x 64}, ItemStack{SNOWBALL x 64}, ItemStack{SNOWBALL x 64}, ItemStack{SNOWBALL x 64}, ItemStack{SNOWBALL x 64}, ItemStack{SNOWBALL x 64}, ItemStack{SNOWBALL x 64}, ItemStack{SNOWBALL x 16}, ItemStack{SNOWBALL x 64}, ItemStack{SNOWBALL x 64}]
[2024-09-18 21:29:58] Deadchest of [Ganter] has expired in world
[2024-09-18 21:47:44] New deadchest for [Ganter] in world at X:14 Y:68 Z:-108
[2024-09-18 21:47:44] Chest content : [ItemStack{DIAMOND_SWORD x 1, UNSPECIFIC_META:{meta-type=UNSPECIFIC, custom=H4sIAAAAAAAA/+NiYGBmYHNJzE1MT2UAAQCogW6XEQAAAA==}}, ItemStack{DIRT x 40}, ItemStack{OAK_LOG x 3}, ItemStack{OAK_SAPLING x 1}, ItemStack{WATER_BUCKET x 1}, ItemStack{ZOMBIE_SPAWN_EGG x 59}, ItemStack{OAK_FENCE x 1}, ItemStack{LIGHT_GRAY_CARPET x 1}, ItemStack{SPAWNER x 64}, ItemStack{ROTTEN_FLESH x 5}, ItemStack{GUNPOWDER x 1}, ItemStack{LEATHER x 1}, ItemStack{NETHER_STAR x 1}, ItemStack{COBBLESTONE x 5}, ItemStack{PORKCHOP x 1}]
[2024-09-18 21:47:46] Player [Ganter] died without inventory : No Deadchest generated
[2024-09-18 21:48:37] New deadchest for [Ganter] in world at X:28 Y:108 Z:-37
[2024-09-18 21:48:37] Chest content : [ItemStack{DIAMOND x 64}]
[2024-09-18 21:49:15] Deadchest of [Ganter] was taken by [Ganter] in world
[2024-09-18 21:52:44] Deadchest of [Ganter] has expired in world
[2024-09-19 08:35:41] New deadchest for [kkk2z1] in world at X:29999981 Y:65 Z:-29999982
[2024-09-19 08:35:41] Chest content : [ItemStack{STONE x 1}, ItemStack{OBSIDIAN x 1}, ItemStack{SPRUCE_PLANKS x 1}, ItemStack{OAK_LOG x 1}]
[2024-09-19 08:40:42] Deadchest of [kkk2z1] has expired in world
[2024-09-19 21:08:06] New deadchest for [kkk2z1] in world at X:62 Y:98 Z:-27
[2024-09-19 21:08:06] Chest content : [ItemStack{TNT x 64}, ItemStack{REDSTONE_BLOCK x 1}, ItemStack{COBBLESTONE x 53}]
[2024-09-19 21:08:21] Player [kkk2z1] died without inventory : No Deadchest generated
[2024-09-19 21:13:07] Deadchest of [kkk2z1] has expired in world
